빌드 시작: 2019-04-23 오전 1:55:11
     1>2 노드의 "C:\Users\Hyung Jun\Desktop\190416\190416\190416.vcxproj" 프로젝트(build 대상)입니다.
     1>InitializeBuildStatus:
         "AlwaysCreate"이(가) 지정되었기 때문에 "Debug\190416.unsuccessfulbuild"을(를) 만들고 있습니다.
       ClCompile:
         C:\Program Files (x86)\Microsoft Visual Studio 10.0\VC\bin\CL.exe /c /ZI /nologo /W3 /WX- /Od /Oy- /D WIN32 /D _DEBUG /D _CONSOLE /D _UNICODE /D UNICODE /Gm /EHsc /RTC1 /MDd /GS /fp:precise /Zc:wchar_t /Zc:forScope /Fo"Debug\\" /Fd"Debug\vc100.pdb" /Gd /TP /analyze- /errorReport:prompt Add.cpp Add2.cpp Calc.cpp Mul.cpp Test.cpp
         Add.cpp
         코드를 생성하고 있습니다...
         컴파일하고 있습니다...
         Test.cpp
         Mul.cpp
         Calc.cpp
         Add2.cpp
         코드를 생성하고 있습니다...
       ManifestResourceCompile:
         모든 출력이 최신 상태입니다.
       Link:
         C:\Program Files (x86)\Microsoft Visual Studio 10.0\VC\bin\link.exe /ERRORREPORT:PROMPT /OUT:"C:\Users\Hyung Jun\Desktop\190416\Debug\190416.exe" /INCREMENTAL /NOLOGO kernel32.lib user32.lib gdi32.lib winspool.lib comdlg32.lib advapi32.lib shell32.lib ole32.lib oleaut32.lib uuid.lib odbc32.lib odbccp32.lib /MANIFEST /ManifestFile:"Debug\190416.exe.intermediate.manifest" /MANIFESTUAC:"level='asInvoker' uiAccess='false'" /DEBUG /PDB:"C:\Users\Hyung Jun\Desktop\190416\Debug\190416.pdb" /SUBSYSTEM:CONSOLE /TLBID:1 /DYNAMICBASE /NXCOMPAT /IMPLIB:"C:\Users\Hyung Jun\Desktop\190416\Debug\190416.lib" /MACHINE:X86 Debug\190416.exe.embed.manifest.res
         Debug\Add.obj
         Debug\Add2.obj
         Debug\Calc.obj
         Debug\Mul.obj
         Debug\Test.obj
       Manifest:
         C:\Program Files (x86)\Microsoft SDKs\Windows\v7.0A\bin\mt.exe /nologo /verbose /out:"Debug\190416.exe.embed.manifest" /manifest Debug\190416.exe.intermediate.manifest
         모든 출력이 최신 상태입니다.
       LinkEmbedManifest:
         모든 출력이 최신 상태입니다.
         190416.vcxproj -> C:\Users\Hyung Jun\Desktop\190416\Debug\190416.exe
       FinalizeBuildStatus:
         "Debug\190416.unsuccessfulbuild" 파일을 삭제하고 있습니다.
         "Debug\190416.lastbuildstate"에 연결(touching)하고 있습니다.
     1>"C:\Users\Hyung Jun\Desktop\190416\190416\190416.vcxproj" 프로젝트를 빌드했습니다(build 대상).

빌드했습니다.

경과 시간: 00:00:02.31
